<?xml version="1.0" encoding="utf-8"?><testsuites name="pytest tests"><testsuite name="pytest" errors="0" failures="0" skipped="0" tests="79" time="73.858" timestamp="2026-09-13T22:38:04.058107+05:30" hostname="DESKTOP-46M0S7S"><testcase classname="tests.test_deployment" name="test_postgres_driver_and_verified_tls[postgres]" time="0.124" /><testcase classname="tests.test_deployment" name="test_postgres_driver_and_verified_tls[postgresql]" time="0.003" /><testcase classname="tests.test_deployment" name="test_postgres_driver_and_verified_tls[postgresql+psycopg]" time="0.002" /><testcase classname="tests.test_deployment" name="test_render_internal_tls_explicit" time="0.001" /><testcase classname="tests.test_deployment" name="test_public_tls_cannot_downgrade[disable]" time="0.001" /><testcase classname="tests.test_deployment" name="test_public_tls_cannot_downgrade[prefer]" time="0.001" /><testcase classname="tests.test_deployment" name="test_public_tls_cannot_downgrade[require]" time="0.001" /><testcase classname="tests.test_deployment" name="test_render_defaults_and_port" time="0.002" /><testcase classname="tests.test_deployment" name="test_local_paths_and_origins" time="0.008" /><testcase classname="tests.test_deployment" name="test_render_refuses_insecure_environment[developmnt]" time="0.001" /><testcase classname="tests.test_deployment" name="test_render_refuses_insecure_environment[development]" time="0.001" /><testcase classname="tests.test_deployment" name="test_render_refuses_ephemeral_database" time="0.001" /><testcase classname="tests.test_deployment" name="test_health_does_not_disclose_errors" time="0.014" /><testcase classname="tests.test_deployment" name="test_real_launcher_from_another_directory[False]" time="4.165" /><testcase classname="tests.test_deployment" name="test_real_launcher_from_another_directory[True]" time="5.644" /><testcase classname="tests.test_deployment" name="test_render_edge_http_has_no_redirect_loop" time="3.607" /><testcase classname="tests.test_deployment" name="test_secure_origin_behind_http_proxy[plain]" time="0.931" /><testcase classname="tests.test_deployment" name="test_secure_origin_behind_http_proxy[encrypted]" time="0.940" /><testcase classname="tests.test_security" name="test_token_purpose_expiration_and_tampering" time="0.002" /><testcase classname="tests.test_security" name="test_long_passwords_not_silently_truncated" time="0.720" /><testcase classname="tests.test_security" name="test_admin_routes_reject_anonymous_and_donors[plain-/api/donations/]" time="1.116" /><testcase classname="tests.test_security" name="test_admin_routes_reject_anonymous_and_donors[plain-/api/donations/summary]" time="0.938" /><testcase classname="tests.test_security" name="test_admin_routes_reject_anonymous_and_donors[plain-/api/donations/recent]" time="0.953" /><testcase classname="tests.test_security" name="test_admin_routes_reject_anonymous_and_donors[plain-/api/donors]" time="0.952" /><testcase classname="tests.test_security" name="test_admin_routes_reject_anonymous_and_donors[plain-/api/users]" time="0.945" /><testcase classname="tests.test_security" name="test_admin_routes_reject_anonymous_and_donors[plain-/api/dashboard]" time="0.956" /><testcase classname="tests.test_security" name="test_admin_routes_reject_anonymous_and_donors[plain-/api/blood-requests]" time="1.089" /><testcase classname="tests.test_security" name="test_admin_routes_reject_anonymous_and_donors[plain-/api/notifications]" time="1.505" /><testcase classname="tests.test_security" name="test_admin_routes_reject_anonymous_and_donors[encrypted-/api/donations/]" time="1.110" /><testcase classname="tests.test_security" name="test_admin_routes_reject_anonymous_and_donors[encrypted-/api/donations/summary]" time="0.956" /><testcase classname="tests.test_security" name="test_admin_routes_reject_anonymous_and_donors[encrypted-/api/donations/recent]" time="0.953" /><testcase classname="tests.test_security" name="test_admin_routes_reject_anonymous_and_donors[encrypted-/api/donors]" time="0.958" /><testcase classname="tests.test_security" name="test_admin_routes_reject_anonymous_and_donors[encrypted-/api/users]" time="0.943" /><testcase classname="tests.test_security" name="test_admin_routes_reject_anonymous_and_donors[encrypted-/api/dashboard]" time="0.974" /><testcase classname="tests.test_security" name="test_admin_routes_reject_anonymous_and_donors[encrypted-/api/blood-requests]" time="0.929" /><testcase classname="tests.test_security" name="test_admin_routes_reject_anonymous_and_donors[encrypted-/api/notifications]" time="0.959" /><testcase classname="tests.test_security" name="test_reset_token_cannot_access_api[plain]" time="0.904" /><testcase classname="tests.test_security" name="test_reset_token_cannot_access_api[encrypted]" time="0.933" /><testcase classname="tests.test_security" name="test_cookie_login_csrf_logout_and_revocation[plain]" time="1.216" /><testcase classname="tests.test_security" name="test_cookie_login_csrf_logout_and_revocation[encrypted]" time="1.232" /><testcase classname="tests.test_security" name="test_security_headers_and_validation_redaction[plain]" time="0.943" /><testcase classname="tests.test_security" name="test_security_headers_and_validation_redaction[encrypted]" time="0.957" /><testcase classname="tests.test_security" name="test_shared_rate_limit[plain]" time="1.293" /><testcase classname="tests.test_security" name="test_shared_rate_limit[encrypted]" time="1.333" /><testcase classname="tests.test_security" name="test_push_ssrf_rejection[http://fcm.googleapis.com/a]" time="0.001" /><testcase classname="tests.test_security" name="test_push_ssrf_rejection[https://127.0.0.1/a]" time="0.001" /><testcase classname="tests.test_security" name="test_push_ssrf_rejection[https://169.254.169.254/a]" time="0.001" /><testcase classname="tests.test_security" name="test_push_ssrf_rejection[https://fcm.googleapis.com.attacker.test/a]" time="0.001" /><testcase classname="tests.test_security" name="test_push_ssrf_rejection[https://fcm.googleapis.com:8443/a]" time="0.001" /><testcase classname="tests.test_security" name="test_push_ssrf_rejection[https://user@fcm.googleapis.com/a]" time="0.001" /><testcase classname="tests.test_security" name="test_push_provider_acceptance" time="0.001" /><testcase classname="tests.test_security" name="test_push_subscription_cannot_be_stolen[plain]" time="0.946" /><testcase classname="tests.test_security" name="test_push_subscription_cannot_be_stolen[encrypted]" time="0.952" /><testcase classname="tests.test_security" name="test_formula_injection_protection" time="0.014" /><testcase classname="tests.test_security" name="test_workbook_archive_limits" time="0.030" /><testcase classname="tests.test_security" name="test_sqlcipher_copy_and_wrong_key" time="0.045" /><testcase classname="tests.test_security" name="test_production_plaintext_sqlite_refused" time="0.001" /><testcase classname="tests.test_security" name="test_registration_preserved_but_disabled_account_takeover_blocked[plain]" time="1.701" /><testcase classname="tests.test_security" name="test_registration_preserved_but_disabled_account_takeover_blocked[encrypted]" time="1.712" /><testcase classname="tests.test_security" name="test_donor_portal_patient_privacy[plain]" time="0.947" /><testcase classname="tests.test_security" name="test_donor_portal_patient_privacy[encrypted]" time="0.984" /><testcase classname="tests.test_security" name="test_hashed_email_links_and_single_use[plain]" time="0.988" /><testcase classname="tests.test_security" name="test_hashed_email_links_and_single_use[encrypted]" time="1.597" /><testcase classname="tests.test_security" name="test_email_password_setup_remains_single_use[plain]" time="2.005" /><testcase classname="tests.test_security" name="test_email_password_setup_remains_single_use[encrypted]" time="2.628" /><testcase classname="tests.test_security" name="test_access_log_redaction" time="0.001" /><testcase classname="tests.test_security" name="test_push_redirects_disabled" time="0.001" /><testcase classname="tests.test_security" name="test_cookie_secure_on_https_and_script_policy[plain]" time="2.104" /><testcase classname="tests.test_security" name="test_cookie_secure_on_https_and_script_policy[encrypted]" time="1.633" /><testcase classname="tests.test_security" name="test_rate_limit_atomic_across_threads[plain]" time="1.709" /><testcase classname="tests.test_security" name="test_rate_limit_atomic_across_threads[encrypted]" time="1.315" /><testcase classname="tests.test_security" name="test_production_host_https_and_documentation_controls" time="3.306" /><testcase classname="tests.test_workflows" name="test_request_match_response_confirmation_rewards_and_certificate[plain]" time="1.133" /><testcase classname="tests.test_workflows" name="test_request_match_response_confirmation_rewards_and_certificate[encrypted]" time="1.113" /><testcase classname="tests.test_workflows" name="test_excel_import_export[plain]" time="1.006" /><testcase classname="tests.test_workflows" name="test_excel_import_export[encrypted]" time="0.995" /><testcase classname="tests.test_workflows" name="test_password_reset_single_use_and_old_sessions_revoked[plain]" time="1.478" /><testcase classname="tests.test_workflows" name="test_password_reset_single_use_and_old_sessions_revoked[encrypted]" time="1.460" /><testcase classname="tests.test_workflows" name="test_alembic_on_encrypted_database" time="0.491" /></testsuite></testsuites>